Determining if the pthread_create exist failed with the following output:
Change Dir: /home/siqi/pixy/build/libpixyusb/CMakeFiles/CMakeTmp

Run Build Command:"/usr/bin/make" "cmTC_ac256/fast"
/usr/bin/make -f CMakeFiles/cmTC_ac256.dir/build.make CMakeFiles/cmTC_ac256.dir/build
make[1]: Entering directory '/home/siqi/pixy/build/libpixyusb/CMakeFiles/CMakeTmp'
Building CXX object CMakeFiles/cmTC_ac256.dir/CheckSymbolExists.cxx.o
/usr/bin/c++     -o CMakeFiles/cmTC_ac256.dir/CheckSymbolExists.cxx.o -c /home/siqi/pixy/build/libpixyusb/CMakeFiles/CMakeTmp/CheckSymbolExists.cxx
Linking CXX executable cmTC_ac256
/usr/bin/cmake -E cmake_link_script CMakeFiles/cmTC_ac256.dir/link.txt --verbose=1
/usr/bin/c++       -rdynamic CMakeFiles/cmTC_ac256.dir/CheckSymbolExists.cxx.o  -o cmTC_ac256 
CMakeFiles/cmTC_ac256.dir/CheckSymbolExists.cxx.o: In function `main':
CheckSymbolExists.cxx:(.text+0x1b): undefined reference to `pthread_create'
collect2: error: ld returned 1 exit status
CMakeFiles/cmTC_ac256.dir/build.make:97: recipe for target 'cmTC_ac256' failed
make[1]: *** [cmTC_ac256] Error 1
make[1]: Leaving directory '/home/siqi/pixy/build/libpixyusb/CMakeFiles/CMakeTmp'
Makefile:126: recipe for target 'cmTC_ac256/fast' failed
make: *** [cmTC_ac256/fast] Error 2

File /home/siqi/pixy/build/libpixyusb/CMakeFiles/CMakeTmp/CheckSymbolExists.cxx:
/* */
#include <pthread.h>

int main(int argc, char** argv)
{
  (void)argv;
#ifndef pthread_create
  return ((int*)(&pthread_create))[argc];
#else
  (void)argc;
  return 0;
#endif
}

Determining if the function pthread_create exists in the pthreads failed with the following output:
Change Dir: /home/siqi/pixy/build/libpixyusb/CMakeFiles/CMakeTmp

Run Build Command:"/usr/bin/make" "cmTC_6b40c/fast"
/usr/bin/make -f CMakeFiles/cmTC_6b40c.dir/build.make CMakeFiles/cmTC_6b40c.dir/build
make[1]: Entering directory '/home/siqi/pixy/build/libpixyusb/CMakeFiles/CMakeTmp'
Building CXX object CMakeFiles/cmTC_6b40c.dir/CheckFunctionExists.cxx.o
/usr/bin/c++    -DCHECK_FUNCTION_EXISTS=pthread_create   -o CMakeFiles/cmTC_6b40c.dir/CheckFunctionExists.cxx.o -c /home/siqi/pixy/build/libpixyusb/CMakeFiles/CheckLibraryExists/CheckFunctionExists.cxx
Linking CXX executable cmTC_6b40c
/usr/bin/cmake -E cmake_link_script CMakeFiles/cmTC_6b40c.dir/link.txt --verbose=1
/usr/bin/c++   -DCHECK_FUNCTION_EXISTS=pthread_create    -rdynamic CMakeFiles/cmTC_6b40c.dir/CheckFunctionExists.cxx.o  -o cmTC_6b40c -lpthreads 
/usr/bin/ld: cannot find -lpthreads
collect2: error: ld returned 1 exit status
CMakeFiles/cmTC_6b40c.dir/build.make:97: recipe for target 'cmTC_6b40c' failed
make[1]: *** [cmTC_6b40c] Error 1
make[1]: Leaving directory '/home/siqi/pixy/build/libpixyusb/CMakeFiles/CMakeTmp'
Makefile:126: recipe for target 'cmTC_6b40c/fast' failed
make: *** [cmTC_6b40c/fast] Error 2


