Determining if the pthread_create exist failed with the following output:
Change Dir: /home/siqi/pixy/build/hello_pixy/CMakeFiles/CMakeTmp

Run Build Command:"/usr/bin/make" "cmTC_21476/fast"
/usr/bin/make -f CMakeFiles/cmTC_21476.dir/build.make CMakeFiles/cmTC_21476.dir/build
make[1]: Entering directory '/home/siqi/pixy/build/hello_pixy/CMakeFiles/CMakeTmp'
Building CXX object CMakeFiles/cmTC_21476.dir/CheckSymbolExists.cxx.o
/usr/bin/c++     -o CMakeFiles/cmTC_21476.dir/CheckSymbolExists.cxx.o -c /home/siqi/pixy/build/hello_pixy/CMakeFiles/CMakeTmp/CheckSymbolExists.cxx
Linking CXX executable cmTC_21476
/usr/bin/cmake -E cmake_link_script CMakeFiles/cmTC_21476.dir/link.txt --verbose=1
/usr/bin/c++       -rdynamic CMakeFiles/cmTC_21476.dir/CheckSymbolExists.cxx.o  -o cmTC_21476 
CMakeFiles/cmTC_21476.dir/CheckSymbolExists.cxx.o: In function `main':
CheckSymbolExists.cxx:(.text+0x1b): undefined reference to `pthread_create'
collect2: error: ld returned 1 exit status
CMakeFiles/cmTC_21476.dir/build.make:97: recipe for target 'cmTC_21476' failed
make[1]: *** [cmTC_21476] Error 1
make[1]: Leaving directory '/home/siqi/pixy/build/hello_pixy/CMakeFiles/CMakeTmp'
Makefile:126: recipe for target 'cmTC_21476/fast' failed
make: *** [cmTC_21476/fast] Error 2

File /home/siqi/pixy/build/hello_pixy/CMakeFiles/CMakeTmp/CheckSymbolExists.cxx:
/* */
#include <pthread.h>

int main(int argc, char** argv)
{
  (void)argv;
#ifndef pthread_create
  return ((int*)(&pthread_create))[argc];
#else
  (void)argc;
  return 0;
#endif
}

Determining if the function pthread_create exists in the pthreads failed with the following output:
Change Dir: /home/siqi/pixy/build/hello_pixy/CMakeFiles/CMakeTmp

Run Build Command:"/usr/bin/make" "cmTC_e7bcf/fast"
/usr/bin/make -f CMakeFiles/cmTC_e7bcf.dir/build.make CMakeFiles/cmTC_e7bcf.dir/build
make[1]: Entering directory '/home/siqi/pixy/build/hello_pixy/CMakeFiles/CMakeTmp'
Building CXX object CMakeFiles/cmTC_e7bcf.dir/CheckFunctionExists.cxx.o
/usr/bin/c++    -DCHECK_FUNCTION_EXISTS=pthread_create   -o CMakeFiles/cmTC_e7bcf.dir/CheckFunctionExists.cxx.o -c /home/siqi/pixy/build/hello_pixy/CMakeFiles/CheckLibraryExists/CheckFunctionExists.cxx
Linking CXX executable cmTC_e7bcf
/usr/bin/cmake -E cmake_link_script CMakeFiles/cmTC_e7bcf.dir/link.txt --verbose=1
/usr/bin/c++   -DCHECK_FUNCTION_EXISTS=pthread_create    -rdynamic CMakeFiles/cmTC_e7bcf.dir/CheckFunctionExists.cxx.o  -o cmTC_e7bcf -lpthreads 
/usr/bin/ld: cannot find -lpthreads
collect2: error: ld returned 1 exit status
CMakeFiles/cmTC_e7bcf.dir/build.make:97: recipe for target 'cmTC_e7bcf' failed
make[1]: *** [cmTC_e7bcf] Error 1
make[1]: Leaving directory '/home/siqi/pixy/build/hello_pixy/CMakeFiles/CMakeTmp'
Makefile:126: recipe for target 'cmTC_e7bcf/fast' failed
make: *** [cmTC_e7bcf/fast] Error 2


